
Python path configuration:
  PYTHONHOME = (not set)
  PYTHONPATH = (not set)
  program name = '/opt/miniconda310/bin/python'
  isolated = 0
  environment = 1
  user site = 1
  import site = 1
  sys._base_executable = '/opt/miniconda310/bin/python'
  sys.base_prefix = '/opt/miniconda310'
  sys.base_exec_prefix = '/opt/miniconda310'
  sys.platlibdir = 'lib'
  sys.executable = '/opt/miniconda310/bin/python'
  sys.prefix = '/opt/miniconda310'
  sys.exec_prefix = '/opt/miniconda310'
  sys.path = [
    '/opt/miniconda310/lib/python310.zip',
    '/opt/miniconda310/lib/python3.10',
    '/opt/miniconda310/lib/python3.10/lib-dynload',
  ]
Fatal Python error: init_fs_encoding: failed to get the Python codec of the filesystem encoding
Python runtime state: core initialized
Traceback (most recent call last):
  File "/opt/miniconda310/lib/python3.10/encodings/__init__.py", line 33, in <module>
ImportError: cannot import name 'aliases' from partially initialized module 'encodings' (most likely due to a circular import) (/opt/miniconda310/lib/python3.10/encodings/__init__.py)
Traceback (most recent call last):
  File "/nfs/student/matsche/QAOA/test_problem_optimal.py", line 1, in <module>
    from QAOA_Tester import ProblemGenerator, QuantumOptimizer, StatevectorEstimatorBackend
  File "/nfs/student/matsche/QAOA/QAOA_Tester/__init__.py", line 1, in <module>
    from .Backend import Backend, StatevectorEstimatorBackend, StatevectorSimulatorBackend, NoiseModelBackend, NoisyEstimatorBackend
  File "/nfs/student/matsche/QAOA/QAOA_Tester/Backend.py", line 1, in <module>
    from qiskit_aer import StatevectorSimulator
ModuleNotFoundError: No module named 'qiskit_aer'
